<?xml version="1.0" encoding="UTF-8"?>
<!-- Generated by org.testng.reporters.JUnitReportReporter -->
<testsuite skipped="0" hostname="nazmuls-Air.fios-router.home" name="Parallal_Testing.parallalTesting" tests="2" failures="0" timestamp="2021-01-11T10:59:14 EST" time="0.008" errors="0">
  <testcase name="Test2" time="0.001" classname="Parallal_Testing.parallalTesting"/>
  <system-out/>
  <testcase name="Test1" time="0.007" classname="Parallal_Testing.parallalTesting"/>
  <system-out/>
</testsuite> <!-- Parallal_Testing.parallalTesting -->
