<?xml version="1.0" encoding="UTF-8"?>
<!-- Generated by org.testng.reporters.JUnitReportReporter -->
<testsuite skipped="0" hostname="nazmuls-Air.fios-router.home" name="com.bit.test.baseTest" tests="2" failures="0" timestamp="2021-01-14T21:55:35 EST" time="22.979" errors="0">
  <testcase name="testTwo" time="13.884" classname="com.bit.test.baseTest"/>
  <system-out/>
  <testcase name="testOne" time="9.095" classname="com.bit.test.baseTest"/>
  <system-out/>
</testsuite> <!-- com.bit.test.baseTest -->
